<?xml version="1.0" encoding="UTF-8"?>
<!-- Generated by org.testng.reporters.JUnitReportReporter -->
<testsuite hostname="Server" failures="0" tests="1" name="testCases.TC002_LoginDetails" time="0.818" errors="0" timestamp="2025-02-13T19:38:32 IST" skipped="0">
  <testcase classname="testCases.TC002_LoginDetails" name="LoginValidation" time="0.818"/>
</testsuite> <!-- testCases.TC002_LoginDetails -->
