<?xml version="1.0" encoding="UTF-8"?>
<!-- Generated by org.testng.reporters.JUnitReportReporter -->
<testsuite hostname="Server" failures="0" tests="1" name="testCases.TC003_OrangeHrm_Login" time="2.045" errors="0" timestamp="2025-02-13T19:38:32 IST" skipped="0">
  <testcase classname="testCases.TC003_OrangeHrm_Login" name="login" time="2.045"/>
</testsuite> <!-- testCases.TC003_OrangeHrm_Login -->
